<?xml version="1.0" encoding="UTF-8"?>
<!-- Generated by org.testng.reporters.JUnitReportReporter -->
<testsuite hostname="CHANDRU" failures="0" tests="1" name="Runner.RunnerClass" time="8.205" errors="0" timestamp="2025-04-07T20:13:20 IST" skipped="0">
  <testcase classname="Runner.RunnerClass" name="runScenario" time="8.205"/>
</testsuite> <!-- Runner.RunnerClass -->
