<?xml version="1.0" encoding="UTF-8"?>
<!-- Generated by org.testng.reporters.JUnitReportReporter -->
<testsuite hostname="CHANDRU" failures="0" tests="1" name="K.R" time="11.414" errors="0" timestamp="2025-04-07T20:29:43 IST" skipped="0">
  <testcase classname="K.R" name="runScenario" time="11.414"/>
</testsuite> <!-- K.R -->
